0 info it worked if it ends with ok
1 verbose cli [ '/Users/matt/.nvm/v0.10.16/bin/node',
1 verbose cli   '/Users/matt/.nvm/v0.10.16/bin/npm',
1 verbose cli   'install' ]
2 info using npm@1.3.8
3 info using node@v0.10.16
4 error install Couldn't read dependencies
5 error Failed to parse json
5 error Unexpected token
6 error File: /Users/matt/development/sourced/package.json
7 error Failed to parse package.json data.
7 error package.json must be actual JSON, not just JavaScript.
7 error
7 error This is not a bug in npm.
7 error Tell the package author to fix their package.json file. JSON.parse
8 error System Darwin 12.4.0
9 error command "/Users/matt/.nvm/v0.10.16/bin/node" "/Users/matt/.nvm/v0.10.16/bin/npm" "install"
10 error cwd /Users/matt/development/sourced
11 error node -v v0.10.16
12 error npm -v 1.3.8
13 error file /Users/matt/development/sourced/package.json
14 error code EJSONPARSE
15 verbose exit [ 1, true ]
